  SpeechManager.cpp
D:\v_s\VC\Tools\MSVC\14.36.32532\include\numeric(34,26): warning C4244: “=”: 从“double”转换到“_Ty”，可能丢失数据
          with
          [
              _Ty=int
          ]
D:\v_s\VC\Tools\MSVC\14.36.32532\include\numeric(43,17): message : 查看对正在编译的函数 模板 实例化“_Ty std::accumulate<_InIt,_Ty,std::plus<void>>(const _InIt,const _InIt,_Ty,_Fn)”的引用
          with
          [
              _Ty=int,
              _InIt=std::_Deque_iterator<std::_Deque_val<std::_Deque_simple_types<double>>>,
              _Fn=std::plus<void>
          ]
C:\Users\13911\Desktop\githubclone\MyCpkusplusRepository\演讲比赛案列\SpeechManager.cpp(153,15): message : 查看对正在编译的函数 模板 实例化“_Ty std::accumulate<std::_Deque_iterator<std::_Deque_val<std::_Deque_simple_types<double>>>,int>(const _InIt,const _InIt,_Ty)”的引用
          with
          [
              _Ty=int,
              _InIt=std::_Deque_iterator<std::_Deque_val<std::_Deque_simple_types<double>>>
          ]
  SpeechManager.h
  正在生成代码...
  演讲比赛案列.vcxproj -> C:\Users\13911\Desktop\githubclone\MyCpkusplusRepository\演讲比赛案列\x64\Debug\演讲比赛案列.exe
